<?xml version="1.0" encoding="UTF-8"?>
<robot generator="Robot 3.2.2 (Python 3.9.0 on win32)" generated="20210221 12:05:22.878" rpa="false">
<suite id="s1" name="RobotProject1" source="C:\Users\Rahul\Desktop\Robot_Framework\RobotProject1">
<suite id="s1-s1" name="Test" source="C:\Users\Rahul\Desktop\Robot_Framework\RobotProject1\test">
<suite id="s1-s1-s1" name="TestSuite1" source="C:\Users\Rahul\Desktop\Robot_Framework\RobotProject1\test\TestSuite1.robot">
<kw name="Log" library="BuiltIn" type="setup">
<doc>Logs the given message with the given level.</doc>
<arguments>
<arg>I am inside Test Suite Setup</arg>
</arguments>
<msg timestamp="20210221 12:05:23.244" level="INFO">I am inside Test Suite Setup</msg>
<status status="PASS" starttime="20210221 12:05:23.243" endtime="20210221 12:05:23.244"></status>
</kw>
<test id="s1-s1-s1-t1" name="MyFirstTest">
<kw name="Log" library="BuiltIn" type="setup">
<doc>Logs the given message with the given level.</doc>
<arguments>
<arg>I am inside Test Setup</arg>
</arguments>
<msg timestamp="20210221 12:05:23.245" level="INFO">I am inside Test Setup</msg>
<status status="PASS" starttime="20210221 12:05:23.245" endtime="20210221 12:05:23.245"></status>
</kw>
<kw name="Log" library="BuiltIn">
<doc>Logs the given message with the given level.</doc>
<arguments>
<arg>Hello World...</arg>
</arguments>
<msg timestamp="20210221 12:05:23.245" level="INFO">Hello World...</msg>
<status status="PASS" starttime="20210221 12:05:23.245" endtime="20210221 12:05:23.245"></status>
</kw>
<kw name="Log" library="BuiltIn" type="teardown">
<doc>Logs the given message with the given level.</doc>
<arguments>
<arg>I am inside Test Teardown</arg>
</arguments>
<msg timestamp="20210221 12:05:23.246" level="INFO">I am inside Test Teardown</msg>
<status status="PASS" starttime="20210221 12:05:23.246" endtime="20210221 12:05:23.246"></status>
</kw>
<status status="PASS" starttime="20210221 12:05:23.244" endtime="20210221 12:05:23.246" critical="yes"></status>
</test>
<test id="s1-s1-s1-t2" name="FirstSeleniumTest">
<kw name="Log" library="BuiltIn" type="setup">
<doc>Logs the given message with the given level.</doc>
<arguments>
<arg>I am inside Test Setup</arg>
</arguments>
<msg timestamp="20210221 12:05:23.247" level="INFO">I am inside Test Setup</msg>
<status status="PASS" starttime="20210221 12:05:23.247" endtime="20210221 12:05:23.247"></status>
</kw>
<kw name="Create Webdriver" library="SeleniumLibrary">
<doc>Creates an instance of Selenium WebDriver.</doc>
<arguments>
<arg>Chrome</arg>
<arg>executable path="C:/Users/Rahul/Desktop/Selenium_Browsers_Latest/ChromeDriver/chromedriver.exe"</arg>
</arguments>
<msg timestamp="20210221 12:05:23.248" level="INFO">Creating an instance of the Chrome WebDriver.</msg>
<kw name="Capture Page Screenshot" library="SeleniumLibrary">
<doc>Takes a screenshot of the current page and embeds it into a log file.</doc>
<msg timestamp="20210221 12:05:23.248" level="INFO">Cannot capture screenshot because no browser is open.</msg>
<status status="PASS" starttime="20210221 12:05:23.248" endtime="20210221 12:05:23.248"></status>
</kw>
<msg timestamp="20210221 12:05:23.253" level="FAIL">TypeError: __init__() got an unexpected keyword argument 'executable path'</msg>
<status status="FAIL" starttime="20210221 12:05:23.247" endtime="20210221 12:05:23.253"></status>
</kw>
<kw name="Log" library="BuiltIn" type="teardown">
<doc>Logs the given message with the given level.</doc>
<arguments>
<arg>I am inside Test Teardown</arg>
</arguments>
<msg timestamp="20210221 12:05:23.254" level="INFO">I am inside Test Teardown</msg>
<status status="PASS" starttime="20210221 12:05:23.254" endtime="20210221 12:05:23.254"></status>
</kw>
<status status="FAIL" starttime="20210221 12:05:23.247" endtime="20210221 12:05:23.254" critical="yes">TypeError: __init__() got an unexpected keyword argument 'executable path'</status>
</test>
<test id="s1-s1-s1-t3" name="SampleLoginTest">
<kw name="Log" library="BuiltIn" type="setup">
<doc>Logs the given message with the given level.</doc>
<arguments>
<arg>I am inside Test Setup</arg>
</arguments>
<msg timestamp="20210221 12:05:23.256" level="INFO">I am inside Test Setup</msg>
<status status="PASS" starttime="20210221 12:05:23.255" endtime="20210221 12:05:23.256"></status>
</kw>
<kw name="Open Browser" library="SeleniumLibrary">
<doc>Opens a new browser instance to the optional ``url``.</doc>
<arguments>
<arg>${URL}</arg>
</arguments>
<msg timestamp="20210221 12:05:23.256" level="INFO">Opening browser 'firefox' to base url 'https://opensource-demo.orangehrmlive.com/'.</msg>
<msg timestamp="20210221 12:05:23.258" level="INFO">Firefox driver log is always forced to to: C:\Users\Rahul\Desktop\Robot_Framework\RobotProject1\geckodriver-3.log</msg>
<kw name="Capture Page Screenshot" library="SeleniumLibrary">
<doc>Takes a screenshot of the current page and embeds it into a log file.</doc>
<msg timestamp="20210221 12:05:23.282" level="INFO">Cannot capture screenshot because no browser is open.</msg>
<status status="PASS" starttime="20210221 12:05:23.282" endtime="20210221 12:05:23.283"></status>
</kw>
<msg timestamp="20210221 12:05:23.287" level="FAIL">WebDriverException: Message: 'geckodriver' executable needs to be in PATH. 
</msg>
<status status="FAIL" starttime="20210221 12:05:23.256" endtime="20210221 12:05:23.287"></status>
</kw>
<kw name="Log" library="BuiltIn" type="teardown">
<doc>Logs the given message with the given level.</doc>
<arguments>
<arg>I am inside Test Teardown</arg>
</arguments>
<msg timestamp="20210221 12:05:23.288" level="INFO">I am inside Test Teardown</msg>
<status status="PASS" starttime="20210221 12:05:23.288" endtime="20210221 12:05:23.288"></status>
</kw>
<doc>This is a sample login test</doc>
<status status="FAIL" starttime="20210221 12:05:23.255" endtime="20210221 12:05:23.288" critical="yes">WebDriverException: Message: 'geckodriver' executable needs to be in PATH. 
</status>
</test>
<kw name="Log" library="BuiltIn" type="teardown">
<doc>Logs the given message with the given level.</doc>
<arguments>
<arg>I am inside Test Suite Teardown</arg>
</arguments>
<msg timestamp="20210221 12:05:23.290" level="INFO">I am inside Test Suite Teardown</msg>
<status status="PASS" starttime="20210221 12:05:23.290" endtime="20210221 12:05:23.290"></status>
</kw>
<status status="FAIL" starttime="20210221 12:05:22.960" endtime="20210221 12:05:23.290"></status>
</suite>
<status status="FAIL" starttime="20210221 12:05:22.957" endtime="20210221 12:05:23.292"></status>
</suite>
<status status="FAIL" starttime="20210221 12:05:22.931" endtime="20210221 12:05:23.293"></status>
</suite>
<statistics>
<total>
<stat pass="1" fail="2">Critical Tests</stat>
<stat pass="1" fail="2">All Tests</stat>
</total>
<tag>
</tag>
<suite>
<stat pass="1" fail="2" id="s1" name="RobotProject1">RobotProject1</stat>
<stat pass="1" fail="2" id="s1-s1" name="Test">RobotProject1.Test</stat>
<stat pass="1" fail="2" id="s1-s1-s1" name="TestSuite1">RobotProject1.Test.TestSuite1</stat>
</suite>
</statistics>
<errors>
</errors>
</robot>
